2019.07.17 19:07:38
Имя: значение не указано
Телефон: 103
Адрес страницы: http://lp.local/

2019.07.17 19:13:48
Имя: lkcjkl
Телефон: 103
Адрес страницы: http://lp.local/

2019.07.17 19:16:31
Имя: тест
Телефон: 103
Адрес страницы: http://lp.local/

2019.07.17 19:19:38
Имя: значение не указано
Телефон: 103
Адрес страницы: http://lp.local/

2019.07.17 19:21:18
Имя: значение не указано
Телефон: 130
Дополнительная информация: Услуга 3
Адрес страницы: http://lp.local/

2019.07.17 19:34:06
Имя: значение не указано
Телефон: 103
Почта: значение не указано
Сообщение: значение не указано
Адрес страницы: http://lp.local/

2019.07.17 19:39:54
Имя: значение не указано
Телефон: 103
Почта: значение не указано
Сообщение: значение не указано
Адрес страницы: http://lp.local/

2019.07.17 19:42:25
Имя: значение не указано
Телефон: 103
Почта: значение не указано
Сообщение: значение не указано
Адрес страницы: http://lp.local/

2019.07.17 20:11:59
Имя 1: weqwe
Телефон: 103
Почта: значение не указано
Сообщение: значение не указано
Адрес страницы: http://lp.local/

2019.07.17 20:45:38
Имя: 123
Телефон: 103
Почта: 213@w
Сообщение: значение не указано
Адрес страницы: http://lp.local/

2019.07.17 20:45:45
Имя: значение не указано
Телефон: 003
Дополнительная информация: Услуга 1
Адрес страницы: http://lp.local/

2019.08.05 21:24:57
Имя: значение не указано
Телефон: 103
Почта: значение не указано
Сообщение: значение не указано
Адрес страницы: http://lp.local/prices

2019.08.12 13:11:06
Имя: значение не указано
Телефон: 103
Почта: значение не указано
Сообщение: значение не указано
Адрес страницы: http://lp.local/prices

